<?xml version="1.0" encoding="UTF-8"?>
<testsuite name="testing.RepositoryTest" tests="10" skipped="0" failures="0" errors="0" timestamp="2017-12-16T11:59:09" hostname="Anvym6" time="0.059">
  <properties/>
  <testcase name="getContributors" classname="testing.RepositoryTest" time="0.0"/>
  <testcase name="setContributors" classname="testing.RepositoryTest" time="0.0"/>
  <testcase name="getName" classname="testing.RepositoryTest" time="0.0"/>
  <testcase name="getId" classname="testing.RepositoryTest" time="0.055"/>
  <testcase name="setId" classname="testing.RepositoryTest" time="0.001"/>
  <testcase name="setDescription" classname="testing.RepositoryTest" time="0.0"/>
  <testcase name="setLanguage" classname="testing.RepositoryTest" time="0.0"/>
  <testcase name="getLanguage" classname="testing.RepositoryTest" time="0.0"/>
  <testcase name="getDescription" classname="testing.RepositoryTest" time="0.0"/>
  <testcase name="setName" classname="testing.RepositoryTest" time="0.001"/>
  <system-out><![CDATA[]]></system-out>
  <system-err><![CDATA[]]></system-err>
</testsuite>
