<?xml version="1.0" encoding="UTF-8"?>
<testsuite name="testing.GitHubAPITest" tests="2" skipped="0" failures="0" errors="0" timestamp="2017-12-16T11:54:41" hostname="Anvym6" time="259.151">
  <properties/>
  <testcase name="getGitHubData" classname="testing.GitHubAPITest" time="259.117"/>
  <testcase name="getData" classname="testing.GitHubAPITest" time="0.033"/>
  <system-out><![CDATA[]]></system-out>
  <system-err><![CDATA[]]></system-err>
</testsuite>
