<?xml version="1.0" encoding="UTF-8"?>
<testsuite name="testing.LanguageTest" tests="4" skipped="0" failures="0" errors="0" timestamp="2017-12-16T11:59:00" hostname="Anvym6" time="0.025">
  <properties/>
  <testcase name="getId" classname="testing.LanguageTest" time="0.022"/>
  <testcase name="setId" classname="testing.LanguageTest" time="0.0"/>
  <testcase name="getUsername" classname="testing.LanguageTest" time="0.0"/>
  <testcase name="setName" classname="testing.LanguageTest" time="0.001"/>
  <system-out><![CDATA[]]></system-out>
  <system-err><![CDATA[]]></system-err>
</testsuite>
