<?xml version="1.0" encoding="UTF-8"?>
<testsuite name="testing.PostgreSQLTest" tests="5" skipped="0" failures="0" errors="0" timestamp="2017-12-16T11:59:01" hostname="Anvym6" time="8.03">
  <properties/>
  <testcase name="queryContributionTest" classname="testing.PostgreSQLTest" time="4.761"/>
  <testcase name="queryOwnedTest" classname="testing.PostgreSQLTest" time="2.461"/>
  <testcase name="queryContributedTest" classname="testing.PostgreSQLTest" time="0.283"/>
  <testcase name="connect" classname="testing.PostgreSQLTest" time="0.165"/>
  <testcase name="queryLanguagesTest" classname="testing.PostgreSQLTest" time="0.357"/>
  <system-out><![CDATA[USERS WHO CONTRIBUTED THE MOST
1. invalid-email-address - 29
2. gitter-badger - 19
3. msftgits - 16
4. microsoftopensource - 15
5. cclauss - 14
6. CoderSavior - 13
7. mikeal - 10
8. llSourcell - 10
9. angular-cli - 8
10. stackhou - 8
USERS WHO OWN THE MOST REPOSITORIES
1. Microsoft - 16
2. CoderSavior - 13
3. google - 12
4. llSourcell - 10
5. mikeal - 9
6. awslabs - 9
7. stackhou - 8
8. yutao331763646 - 7
9. keijiro - 7
10. fossasia - 6
USERS WHO OWN THE MOST REPOSITORIES
1. Microsoft - 16
2. CoderSavior - 13
3. google - 12
4. llSourcell - 10
5. mikeal - 9
6. awslabs - 9
7. stackhou - 8
8. yutao331763646 - 7
9. keijiro - 7
10. fossasia - 6
USERS WHO CONTRIBUTED THE MOST
1. invalid-email-address - 29
2. gitter-badger - 19
3. msftgits - 16
4. microsoftopensource - 15
5. cclauss - 14
6. CoderSavior - 13
7. mikeal - 10
8. llSourcell - 10
9. angular-cli - 8
10. stackhou - 8
MOST POPULAR LANGUAGES
1. JavaScript - 843
2. Python - 536
3. none - 367
4. Java - 323
5. Go - 224
6. C++ - 163
7. Swift - 155
8. C# - 145
9. PHP - 144
10. HTML - 126
]]></system-out>
  <system-err><![CDATA[]]></system-err>
</testsuite>
