<?xml version="1.0" encoding="UTF-8"?>
<testsuite name="testing.MetricsTest" tests="4" skipped="0" failures="0" errors="0" timestamp="2017-12-16T11:59:00" hostname="Anvym6" time="0.283">
  <properties/>
  <testcase name="startTest" classname="testing.MetricsTest" time="0.176"/>
  <testcase name="exceptionThrowForInstanceTest" classname="testing.MetricsTest" time="0.0"/>
  <testcase name="gatherMetricsTest" classname="testing.MetricsTest" time="0.105"/>
  <testcase name="stopTest" classname="testing.MetricsTest" time="0.0"/>
  <system-out><![CDATA[Execution time is -1513425541016 ms or -25223759 min -1 sec
Used memory is 6.4873046875 mb
]]></system-out>
  <system-err><![CDATA[]]></system-err>
</testsuite>
